Flow report for Full_Adder
Sat Nov  1 21:40:08 2025
Quartus Prime Version 18.1.0 Build 625 09/12/2018 SJ Lite Edition


---------------------
; Table of Contents ;
---------------------
  1. Legal Notice
  2. Flow Summary
  3. Flow Settings
  4. Flow Non-Default Global Settings
  5. Flow Elapsed Time
  6. Flow OS Summary
  7. Flow Log
  8. Flow Messages
  9. Flow Suppressed Messages



----------------
; Legal Notice ;
----------------
Copyright (C) 2018  Intel Corporation. All rights reserved.
Your use of Intel Corporation's design tools, logic functions 
and other software and tools, and its AMPP partner logic 
functions, and any output files from any of the foregoing 
(including device programming or simulation files), and any 
associated documentation or information are expressly subject 
to the terms and conditions of the Intel Program License 
Subscription Agreement, the Intel Quartus Prime License Agreement,
the Intel FPGA IP License Agreement, or other applicable license
agreement, including, without limitation, that your use is for
the sole purpose of programming logic devices manufactured by
Intel and sold by Intel or its authorized distributors.  Please
refer to the applicable agreement for further details.



+----------------------------------------------------------------------------------+
; Flow Summary                                                                     ;
+------------------------------------+---------------------------------------------+
; Flow Status                        ; Successful - Sat Nov  1 21:40:08 2025       ;
; Quartus Prime Version              ; 18.1.0 Build 625 09/12/2018 SJ Lite Edition ;
; Revision Name                      ; Full_Adder                                  ;
; Top-level Entity Name              ; Full_Adder                                  ;
; Family                             ; Cyclone IV E                                ;
; Device                             ; EP4CE22F17C6                                ;
; Timing Models                      ; Final                                       ;
; Total logic elements               ; 2 / 22,320 ( < 1 % )                        ;
;     Total combinational functions  ; 2 / 22,320 ( < 1 % )                        ;
;     Dedicated logic registers      ; 0 / 22,320 ( 0 % )                          ;
; Total registers                    ; 0                                           ;
; Total pins                         ; 5 / 154 ( 3 % )                             ;
; Total virtual pins                 ; 0                                           ;
; Total memory bits                  ; 0 / 608,256 ( 0 % )                         ;
; Embedded Multiplier 9-bit elements ; 0 / 132 ( 0 % )                             ;
; Total PLLs                         ; 0 / 4 ( 0 % )                               ;
+------------------------------------+---------------------------------------------+


+-----------------------------------------+
; Flow Settings                           ;
+-------------------+---------------------+
; Option            ; Setting             ;
+-------------------+---------------------+
; Start date & time ; 11/01/2025 21:31:48 ;
; Main task         ; Compilation         ;
; Revision Name     ; Full_Adder          ;
+-------------------+---------------------+


+----------------------------------------------------------------------------------------------------------------------------------------+
; Flow Non-Default Global Settings                                                                                                       ;
+--------------------------------------+--------------------------------------------+---------------+-------------+----------------------+
; Assignment Name                      ; Value                                      ; Default Value ; Entity Name ; Section Id           ;
+--------------------------------------+--------------------------------------------+---------------+-------------+----------------------+
; COMPILER_SIGNATURE_ID                ; 110474882734631.176204350845023            ; --            ; --          ; --                   ;
; EDA_DESIGN_INSTANCE_NAME             ; uut                                        ; --            ; --          ; Test_Bench_FullAdder ;
; EDA_NATIVELINK_SIMULATION_TEST_BENCH ; Test_Bench_FullAdder                       ; --            ; --          ; eda_simulation       ;
; EDA_NETLIST_WRITER_OUTPUT_DIR        ; /home/rodrigo/Escritorio/Teoria/Full_Adder ; --            ; --          ; eda_simulation       ;
; EDA_OUTPUT_DATA_FORMAT               ; Vhdl                                       ; --            ; --          ; eda_simulation       ;
; EDA_SIMULATION_TOOL                  ; ModelSim-Altera (VHDL)                     ; <None>        ; --          ; --                   ;
; EDA_TEST_BENCH_ENABLE_STATUS         ; TEST_BENCH_MODE                            ; --            ; --          ; eda_simulation       ;
; EDA_TEST_BENCH_FILE                  ; Test_Bench_FullAdder.vhd                   ; --            ; --          ; Test_Bench_FullAdder ;
; EDA_TEST_BENCH_MODULE_NAME           ; Test_Bench_FullAdder                       ; --            ; --          ; Test_Bench_FullAdder ;
; EDA_TEST_BENCH_NAME                  ; Test_Bench_FullAdder                       ; --            ; --          ; eda_simulation       ;
; EDA_TIME_SCALE                       ; 1 ps                                       ; --            ; --          ; eda_simulation       ;
; MAX_CORE_JUNCTION_TEMP               ; 85                                         ; --            ; --          ; --                   ;
; MIN_CORE_JUNCTION_TEMP               ; 0                                          ; --            ; --          ; --                   ;
; NOMINAL_CORE_SUPPLY_VOLTAGE          ; 1.2V                                       ; --            ; --          ; --                   ;
; PARTITION_COLOR                      ; -- (Not supported for targeted family)     ; --            ; --          ; Top                  ;
; PARTITION_FITTER_PRESERVATION_LEVEL  ; -- (Not supported for targeted family)     ; --            ; --          ; Top                  ;
; PARTITION_NETLIST_TYPE               ; -- (Not supported for targeted family)     ; --            ; --          ; Top                  ;
; POWER_BOARD_THERMAL_MODEL            ; None (CONSERVATIVE)                        ; --            ; --          ; --                   ;
; POWER_PRESET_COOLING_SOLUTION        ; 23 MM HEAT SINK WITH 200 LFPM AIRFLOW      ; --            ; --          ; --                   ;
; PROJECT_OUTPUT_DIRECTORY             ; output_files                               ; --            ; --          ; --                   ;
+--------------------------------------+--------------------------------------------+---------------+-------------+----------------------+


+--------------------------------------------------------------------------------------------------------------------------+
; Flow Elapsed Time                                                                                                        ;
+----------------------+--------------+-------------------------+---------------------+------------------------------------+
; Module Name          ; Elapsed Time ; Average Processors Used ; Peak Virtual Memory ; Total CPU Time (on all processors) ;
+----------------------+--------------+-------------------------+---------------------+------------------------------------+
; Analysis & Synthesis ; 00:00:12     ; 1.0                     ; 929 MB              ; 00:00:28                           ;
; Fitter               ; 00:00:04     ; 1.0                     ; 1495 MB             ; 00:00:05                           ;
; Assembler            ; 00:00:01     ; 1.0                     ; 789 MB              ; 00:00:01                           ;
; Timing Analyzer      ; 00:00:02     ; 1.0                     ; 835 MB              ; 00:00:01                           ;
; EDA Netlist Writer   ; 00:00:01     ; 1.0                     ; 1021 MB             ; 00:00:01                           ;
; EDA Netlist Writer   ; 00:00:00     ; 1.0                     ; 1010 MB             ; 00:00:00                           ;
; EDA Netlist Writer   ; 00:00:00     ; 1.0                     ; 1018 MB             ; 00:00:00                           ;
; Total                ; 00:00:20     ; --                      ; --                  ; 00:00:36                           ;
+----------------------+--------------+-------------------------+---------------------+------------------------------------+


+----------------------------------------------------------------------------------------+
; Flow OS Summary                                                                        ;
+----------------------+------------------+----------------+------------+----------------+
; Module Name          ; Machine Hostname ; OS Name        ; OS Version ; Processor type ;
+----------------------+------------------+----------------+------------+----------------+
; Analysis & Synthesis ; rodrigo-ASUS     ; Ubuntu 24.04.3 ; 24         ; x86_64         ;
; Fitter               ; rodrigo-ASUS     ; Ubuntu 24.04.3 ; 24         ; x86_64         ;
; Assembler            ; rodrigo-ASUS     ; Ubuntu 24.04.3 ; 24         ; x86_64         ;
; Timing Analyzer      ; rodrigo-ASUS     ; Ubuntu 24.04.3 ; 24         ; x86_64         ;
; EDA Netlist Writer   ; rodrigo-ASUS     ; Ubuntu 24.04.3 ; 24         ; x86_64         ;
; EDA Netlist Writer   ; rodrigo-ASUS     ; Ubuntu 24.04.3 ; 24         ; x86_64         ;
; EDA Netlist Writer   ; rodrigo-ASUS     ; Ubuntu 24.04.3 ; 24         ; x86_64         ;
+----------------------+------------------+----------------+------------+----------------+


------------
; Flow Log ;
------------
quartus_map --read_settings_files=on --write_settings_files=off Full_Adder -c Full_Adder
quartus_fit --read_settings_files=off --write_settings_files=off Full_Adder -c Full_Adder
quartus_asm --read_settings_files=off --write_settings_files=off Full_Adder -c Full_Adder
quartus_sta Full_Adder -c Full_Adder
quartus_eda --read_settings_files=off --write_settings_files=off Full_Adder -c Full_Adder
quartus_eda --gen_testbench --tool=modelsim_oem --format=vhdl --write_settings_files=off Full_Adder -c Full_Adder --vector_source=/home/rodrigo/Escritorio/Teoria/Full_Adder/Waveform.vwf --testbench_file=/home/rodrigo/Escritorio/Teoria/Full_Adder/simulation/qsim/Waveform.vwf.vht
quartus_eda --write_settings_files=off --simulation=on --functional=on --flatten_buses=off --tool=modelsim_oem --format=vhdl --output_directory=/home/rodrigo/Escritorio/Teoria/Full_Adder/simulation/qsim/ Full_Adder -c Full_Adder



