Flow report for FF_JK
Sat Nov  1 19:50:48 2025
Quartus Prime Version 18.1.0 Build 625 09/12/2018 SJ Lite Edition


---------------------
; Table of Contents ;
---------------------
  1. Legal Notice
  2. Flow Summary
  3. Flow Settings
  4. Flow Non-Default Global Settings
  5. Flow Elapsed Time
  6. Flow OS Summary
  7. Flow Log
  8. Flow Messages
  9. Flow Suppressed Messages



----------------
; Legal Notice ;
----------------
Copyright (C) 2018  Intel Corporation. All rights reserved.
Your use of Intel Corporation's design tools, logic functions 
and other software and tools, and its AMPP partner logic 
functions, and any output files from any of the foregoing 
(including device programming or simulation files), and any 
associated documentation or information are expressly subject 
to the terms and conditions of the Intel Program License 
Subscription Agreement, the Intel Quartus Prime License Agreement,
the Intel FPGA IP License Agreement, or other applicable license
agreement, including, without limitation, that your use is for
the sole purpose of programming logic devices manufactured by
Intel and sold by Intel or its authorized distributors.  Please
refer to the applicable agreement for further details.



+----------------------------------------------------------------------------------+
; Flow Summary                                                                     ;
+------------------------------------+---------------------------------------------+
; Flow Status                        ; Successful - Sat Nov  1 19:50:48 2025       ;
; Quartus Prime Version              ; 18.1.0 Build 625 09/12/2018 SJ Lite Edition ;
; Revision Name                      ; FF_JK                                       ;
; Top-level Entity Name              ; FFJK                                        ;
; Family                             ; Cyclone IV E                                ;
; Device                             ; EP4CE22F17C6                                ;
; Timing Models                      ; Final                                       ;
; Total logic elements               ; 1 / 22,320 ( < 1 % )                        ;
;     Total combinational functions  ; 1 / 22,320 ( < 1 % )                        ;
;     Dedicated logic registers      ; 1 / 22,320 ( < 1 % )                        ;
; Total registers                    ; 1                                           ;
; Total pins                         ; 4 / 154 ( 3 % )                             ;
; Total virtual pins                 ; 0                                           ;
; Total memory bits                  ; 0 / 608,256 ( 0 % )                         ;
; Embedded Multiplier 9-bit elements ; 0 / 132 ( 0 % )                             ;
; Total PLLs                         ; 0 / 4 ( 0 % )                               ;
+------------------------------------+---------------------------------------------+


+-----------------------------------------+
; Flow Settings                           ;
+-------------------+---------------------+
; Option            ; Setting             ;
+-------------------+---------------------+
; Start date & time ; 11/01/2025 19:45:04 ;
; Main task         ; Compilation         ;
; Revision Name     ; FF_JK               ;
+-------------------+---------------------+


+-----------------------------------------------------------------------------------------------------------------------------+
; Flow Non-Default Global Settings                                                                                            ;
+-------------------------------------+----------------------------------------+---------------+-------------+----------------+
; Assignment Name                     ; Value                                  ; Default Value ; Entity Name ; Section Id     ;
+-------------------------------------+----------------------------------------+---------------+-------------+----------------+
; COMPILER_SIGNATURE_ID               ; 110474882734631.176203710438284        ; --            ; --          ; --             ;
; EDA_OUTPUT_DATA_FORMAT              ; Verilog Hdl                            ; --            ; --          ; eda_simulation ;
; EDA_SIMULATION_TOOL                 ; ModelSim-Altera (Verilog)              ; <None>        ; --          ; --             ;
; EDA_TIME_SCALE                      ; 1 ps                                   ; --            ; --          ; eda_simulation ;
; MAX_CORE_JUNCTION_TEMP              ; 85                                     ; --            ; --          ; --             ;
; MIN_CORE_JUNCTION_TEMP              ; 0                                      ; --            ; --          ; --             ;
; PARTITION_COLOR                     ; -- (Not supported for targeted family) ; --            ; FFJK        ; Top            ;
; PARTITION_FITTER_PRESERVATION_LEVEL ; -- (Not supported for targeted family) ; --            ; FFJK        ; Top            ;
; PARTITION_NETLIST_TYPE              ; -- (Not supported for targeted family) ; --            ; FFJK        ; Top            ;
; PROJECT_OUTPUT_DIRECTORY            ; output_files                           ; --            ; --          ; --             ;
; TOP_LEVEL_ENTITY                    ; FFJK                                   ; FF_JK         ; --          ; --             ;
+-------------------------------------+----------------------------------------+---------------+-------------+----------------+


+--------------------------------------------------------------------------------------------------------------------------+
; Flow Elapsed Time                                                                                                        ;
+----------------------+--------------+-------------------------+---------------------+------------------------------------+
; Module Name          ; Elapsed Time ; Average Processors Used ; Peak Virtual Memory ; Total CPU Time (on all processors) ;
+----------------------+--------------+-------------------------+---------------------+------------------------------------+
; Analysis & Synthesis ; 00:00:11     ; 1.0                     ; 934 MB              ; 00:00:30                           ;
; Fitter               ; 00:00:04     ; 1.0                     ; 1494 MB             ; 00:00:05                           ;
; Assembler            ; 00:00:01     ; 1.0                     ; 790 MB              ; 00:00:01                           ;
; Timing Analyzer      ; 00:00:01     ; 1.0                     ; 830 MB              ; 00:00:01                           ;
; EDA Netlist Writer   ; 00:00:00     ; 1.0                     ; 1020 MB             ; 00:00:00                           ;
; EDA Netlist Writer   ; 00:00:01     ; 1.0                     ; 1012 MB             ; 00:00:00                           ;
; EDA Netlist Writer   ; 00:00:01     ; 1.0                     ; 1018 MB             ; 00:00:00                           ;
; Total                ; 00:00:19     ; --                      ; --                  ; 00:00:37                           ;
+----------------------+--------------+-------------------------+---------------------+------------------------------------+


+----------------------------------------------------------------------------------------+
; Flow OS Summary                                                                        ;
+----------------------+------------------+----------------+------------+----------------+
; Module Name          ; Machine Hostname ; OS Name        ; OS Version ; Processor type ;
+----------------------+------------------+----------------+------------+----------------+
; Analysis & Synthesis ; rodrigo-ASUS     ; Ubuntu 24.04.3 ; 24         ; x86_64         ;
; Fitter               ; rodrigo-ASUS     ; Ubuntu 24.04.3 ; 24         ; x86_64         ;
; Assembler            ; rodrigo-ASUS     ; Ubuntu 24.04.3 ; 24         ; x86_64         ;
; Timing Analyzer      ; rodrigo-ASUS     ; Ubuntu 24.04.3 ; 24         ; x86_64         ;
; EDA Netlist Writer   ; rodrigo-ASUS     ; Ubuntu 24.04.3 ; 24         ; x86_64         ;
; EDA Netlist Writer   ; rodrigo-ASUS     ; Ubuntu 24.04.3 ; 24         ; x86_64         ;
; EDA Netlist Writer   ; rodrigo-ASUS     ; Ubuntu 24.04.3 ; 24         ; x86_64         ;
+----------------------+------------------+----------------+------------+----------------+


------------
; Flow Log ;
------------
quartus_map --read_settings_files=on --write_settings_files=off FF_JK -c FF_JK
quartus_fit --read_settings_files=off --write_settings_files=off FF_JK -c FF_JK
quartus_asm --read_settings_files=off --write_settings_files=off FF_JK -c FF_JK
quartus_sta FF_JK -c FF_JK
quartus_eda --read_settings_files=off --write_settings_files=off FF_JK -c FF_JK
quartus_eda --gen_testbench --tool=modelsim_oem --format=vhdl --write_settings_files=off FF_JK -c FF_JK --vector_source=/home/rodrigo/Escritorio/Teoria/EJ5_FFJK/Waveform.vwf --testbench_file=/home/rodrigo/Escritorio/Teoria/EJ5_FFJK/simulation/qsim/Waveform.vwf.vht
quartus_eda --write_settings_files=off --simulation=on --functional=on --flatten_buses=off --tool=modelsim_oem --format=vhdl --output_directory=/home/rodrigo/Escritorio/Teoria/EJ5_FFJK/simulation/qsim/ FF_JK -c FF_JK



